{"total": {"lines":{"total":4312,"covered":3764,"skipped":0,"pct":87.29},"statements":{"total":4312,"covered":3764,"skipped":0,"pct":87.29},"functions":{"total":223,"covered":207,"skipped":0,"pct":92.82},"branches":{"total":1025,"covered":876,"skipped":0,"pct":85.46},"branchesTrue":{"total":0,"covered":0,"skipped":0,"pct":100}}
,"C:\\Users\\anton\\OneDrive\\My Digital Projects\\xsp-editor\\server\\src\\config.ts": {"lines":{"total":53,"covered":53,"skipped":0,"pct":100},"functions":{"total":7,"covered":7,"skipped":0,"pct":100},"statements":{"total":53,"covered":53,"skipped":0,"pct":100},"branches":{"total":30,"covered":30,"skipped":0,"pct":100}}
,"C:\\Users\\anton\\OneDrive\\My Digital Projects\\xsp-editor\\server\\src\\index.ts": {"lines":{"total":70,"covered":47,"skipped":0,"pct":67.14},"functions":{"total":3,"covered":1,"skipped":0,"pct":33.33},"statements":{"total":70,"covered":47,"skipped":0,"pct":67.14},"branches":{"total":4,"covered":2,"skipped":0,"pct":50}}
,"C:\\Users\\anton\\OneDrive\\My Digital Projects\\xsp-editor\\server\\src\\seed.ts": {"lines":{"total":378,"covered":373,"skipped":0,"pct":98.67},"functions":{"total":1,"covered":1,"skipped":0,"pct":100},"statements":{"total":378,"covered":373,"skipped":0,"pct":98.67},"branches":{"total":13,"covered":11,"skipped":0,"pct":84.61}}
,"C:\\Users\\anton\\OneDrive\\My Digital Projects\\xsp-editor\\server\\src\\routes\\auth.ts": {"lines":{"total":185,"covered":164,"skipped":0,"pct":88.64},"functions":{"total":5,"covered":5,"skipped":0,"pct":100},"statements":{"total":185,"covered":164,"skipped":0,"pct":88.64},"branches":{"total":52,"covered":44,"skipped":0,"pct":84.61}}
,"C:\\Users\\anton\\OneDrive\\My Digital Projects\\xsp-editor\\server\\src\\routes\\constraints.ts": {"lines":{"total":105,"covered":94,"skipped":0,"pct":89.52},"functions":{"total":1,"covered":1,"skipped":0,"pct":100},"statements":{"total":105,"covered":94,"skipped":0,"pct":89.52},"branches":{"total":29,"covered":25,"skipped":0,"pct":86.2}}
,"C:\\Users\\anton\\OneDrive\\My Digital Projects\\xsp-editor\\server\\src\\routes\\files.ts": {"lines":{"total":161,"covered":152,"skipped":0,"pct":94.4},"functions":{"total":4,"covered":4,"skipped":0,"pct":100},"statements":{"total":161,"covered":152,"skipped":0,"pct":94.4},"branches":{"total":51,"covered":48,"skipped":0,"pct":94.11}}
,"C:\\Users\\anton\\OneDrive\\My Digital Projects\\xsp-editor\\server\\src\\routes\\llm.ts": {"lines":{"total":105,"covered":13,"skipped":0,"pct":12.38},"functions":{"total":1,"covered":1,"skipped":0,"pct":100},"statements":{"total":105,"covered":13,"skipped":0,"pct":12.38},"branches":{"total":1,"covered":1,"skipped":0,"pct":100}}
,"C:\\Users\\anton\\OneDrive\\My Digital Projects\\xsp-editor\\server\\src\\routes\\membership.ts": {"lines":{"total":279,"covered":270,"skipped":0,"pct":96.77},"functions":{"total":21,"covered":20,"skipped":0,"pct":95.23},"statements":{"total":279,"covered":270,"skipped":0,"pct":96.77},"branches":{"total":70,"covered":53,"skipped":0,"pct":75.71}}
,"C:\\Users\\anton\\OneDrive\\My Digital Projects\\xsp-editor\\server\\src\\routes\\projects.ts": {"lines":{"total":305,"covered":262,"skipped":0,"pct":85.9},"functions":{"total":4,"covered":4,"skipped":0,"pct":100},"statements":{"total":305,"covered":262,"skipped":0,"pct":85.9},"branches":{"total":99,"covered":82,"skipped":0,"pct":82.82}}
,"C:\\Users\\anton\\OneDrive\\My Digital Projects\\xsp-editor\\server\\src\\routes\\prompts.ts": {"lines":{"total":265,"covered":237,"skipped":0,"pct":89.43},"functions":{"total":1,"covered":1,"skipped":0,"pct":100},"statements":{"total":265,"covered":237,"skipped":0,"pct":89.43},"branches":{"total":54,"covered":41,"skipped":0,"pct":75.92}}
,"C:\\Users\\anton\\OneDrive\\My Digital Projects\\xsp-editor\\server\\src\\routes\\render.ts": {"lines":{"total":16,"covered":6,"skipped":0,"pct":37.5},"functions":{"total":1,"covered":1,"skipped":0,"pct":100},"statements":{"total":16,"covered":6,"skipped":0,"pct":37.5},"branches":{"total":1,"covered":1,"skipped":0,"pct":100}}
,"C:\\Users\\anton\\OneDrive\\My Digital Projects\\xsp-editor\\server\\src\\routes\\tags.ts": {"lines":{"total":100,"covered":89,"skipped":0,"pct":89},"functions":{"total":1,"covered":1,"skipped":0,"pct":100},"statements":{"total":100,"covered":89,"skipped":0,"pct":89},"branches":{"total":27,"covered":23,"skipped":0,"pct":85.18}}
,"C:\\Users\\anton\\OneDrive\\My Digital Projects\\xsp-editor\\server\\src\\routes\\templates.ts": {"lines":{"total":95,"covered":82,"skipped":0,"pct":86.31},"functions":{"total":1,"covered":1,"skipped":0,"pct":100},"statements":{"total":95,"covered":82,"skipped":0,"pct":86.31},"branches":{"total":20,"covered":15,"skipped":0,"pct":75}}
,"C:\\Users\\anton\\OneDrive\\My Digital Projects\\xsp-editor\\server\\src\\routes\\verify.ts": {"lines":{"total":50,"covered":41,"skipped":0,"pct":82},"functions":{"total":1,"covered":1,"skipped":0,"pct":100},"statements":{"total":50,"covered":41,"skipped":0,"pct":82},"branches":{"total":10,"covered":8,"skipped":0,"pct":80}}
,"C:\\Users\\anton\\OneDrive\\My Digital Projects\\xsp-editor\\server\\src\\schemas\\constraints.ts": {"lines":{"total":46,"covered":46,"skipped":0,"pct":100},"functions":{"total":0,"covered":0,"skipped":0,"pct":100},"statements":{"total":46,"covered":46,"skipped":0,"pct":100},"branches":{"total":0,"covered":0,"skipped":0,"pct":100}}
,"C:\\Users\\anton\\OneDrive\\My Digital Projects\\xsp-editor\\server\\src\\schemas\\llm.ts": {"lines":{"total":16,"covered":16,"skipped":0,"pct":100},"functions":{"total":0,"covered":0,"skipped":0,"pct":100},"statements":{"total":16,"covered":16,"skipped":0,"pct":100},"branches":{"total":0,"covered":0,"skipped":0,"pct":100}}
,"C:\\Users\\anton\\OneDrive\\My Digital Projects\\xsp-editor\\server\\src\\schemas\\params.ts": {"lines":{"total":14,"covered":14,"skipped":0,"pct":100},"functions":{"total":0,"covered":0,"skipped":0,"pct":100},"statements":{"total":14,"covered":14,"skipped":0,"pct":100},"branches":{"total":0,"covered":0,"skipped":0,"pct":100}}
,"C:\\Users\\anton\\OneDrive\\My Digital Projects\\xsp-editor\\server\\src\\schemas\\projects.ts": {"lines":{"total":43,"covered":43,"skipped":0,"pct":100},"functions":{"total":2,"covered":2,"skipped":0,"pct":100},"statements":{"total":43,"covered":43,"skipped":0,"pct":100},"branches":{"total":2,"covered":2,"skipped":0,"pct":100}}
,"C:\\Users\\anton\\OneDrive\\My Digital Projects\\xsp-editor\\server\\src\\schemas\\prompts.ts": {"lines":{"total":46,"covered":46,"skipped":0,"pct":100},"functions":{"total":0,"covered":0,"skipped":0,"pct":100},"statements":{"total":46,"covered":46,"skipped":0,"pct":100},"branches":{"total":0,"covered":0,"skipped":0,"pct":100}}
,"C:\\Users\\anton\\OneDrive\\My Digital Projects\\xsp-editor\\server\\src\\schemas\\query.ts": {"lines":{"total":5,"covered":5,"skipped":0,"pct":100},"functions":{"total":0,"covered":0,"skipped":0,"pct":100},"statements":{"total":5,"covered":5,"skipped":0,"pct":100},"branches":{"total":2,"covered":2,"skipped":0,"pct":100}}
,"C:\\Users\\anton\\OneDrive\\My Digital Projects\\xsp-editor\\server\\src\\schemas\\render.ts": {"lines":{"total":5,"covered":5,"skipped":0,"pct":100},"functions":{"total":0,"covered":0,"skipped":0,"pct":100},"statements":{"total":5,"covered":5,"skipped":0,"pct":100},"branches":{"total":0,"covered":0,"skipped":0,"pct":100}}
,"C:\\Users\\anton\\OneDrive\\My Digital Projects\\xsp-editor\\server\\src\\schemas\\tags.ts": {"lines":{"total":34,"covered":34,"skipped":0,"pct":100},"functions":{"total":0,"covered":0,"skipped":0,"pct":100},"statements":{"total":34,"covered":34,"skipped":0,"pct":100},"branches":{"total":0,"covered":0,"skipped":0,"pct":100}}
,"C:\\Users\\anton\\OneDrive\\My Digital Projects\\xsp-editor\\server\\src\\schemas\\templates.ts": {"lines":{"total":22,"covered":22,"skipped":0,"pct":100},"functions":{"total":0,"covered":0,"skipped":0,"pct":100},"statements":{"total":22,"covered":22,"skipped":0,"pct":100},"branches":{"total":0,"covered":0,"skipped":0,"pct":100}}
,"C:\\Users\\anton\\OneDrive\\My Digital Projects\\xsp-editor\\server\\src\\schemas\\verify.ts": {"lines":{"total":29,"covered":29,"skipped":0,"pct":100},"functions":{"total":0,"covered":0,"skipped":0,"pct":100},"statements":{"total":29,"covered":29,"skipped":0,"pct":100},"branches":{"total":0,"covered":0,"skipped":0,"pct":100}}
,"C:\\Users\\anton\\OneDrive\\My Digital Projects\\xsp-editor\\server\\src\\services\\audit.ts": {"lines":{"total":53,"covered":53,"skipped":0,"pct":100},"functions":{"total":8,"covered":8,"skipped":0,"pct":100},"statements":{"total":53,"covered":53,"skipped":0,"pct":100},"branches":{"total":20,"covered":19,"skipped":0,"pct":95}}
,"C:\\Users\\anton\\OneDrive\\My Digital Projects\\xsp-editor\\server\\src\\services\\git.ts": {"lines":{"total":77,"covered":50,"skipped":0,"pct":64.93},"functions":{"total":8,"covered":5,"skipped":0,"pct":62.5},"statements":{"total":77,"covered":50,"skipped":0,"pct":64.93},"branches":{"total":12,"covered":8,"skipped":0,"pct":66.66}}
,"C:\\Users\\anton\\OneDrive\\My Digital Projects\\xsp-editor\\server\\src\\services\\llm-proxy.ts": {"lines":{"total":152,"covered":3,"skipped":0,"pct":1.97},"functions":{"total":7,"covered":0,"skipped":0,"pct":0},"statements":{"total":152,"covered":3,"skipped":0,"pct":1.97},"branches":{"total":0,"covered":0,"skipped":0,"pct":100}}
,"C:\\Users\\anton\\OneDrive\\My Digital Projects\\xsp-editor\\server\\src\\services\\membership.ts": {"lines":{"total":60,"covered":59,"skipped":0,"pct":98.33},"functions":{"total":9,"covered":9,"skipped":0,"pct":100},"statements":{"total":60,"covered":59,"skipped":0,"pct":98.33},"branches":{"total":27,"covered":25,"skipped":0,"pct":92.59}}
,"C:\\Users\\anton\\OneDrive\\My Digital Projects\\xsp-editor\\server\\src\\services\\passwords.ts": {"lines":{"total":59,"covered":55,"skipped":0,"pct":93.22},"functions":{"total":5,"covered":5,"skipped":0,"pct":100},"statements":{"total":59,"covered":55,"skipped":0,"pct":93.22},"branches":{"total":22,"covered":20,"skipped":0,"pct":90.9}}
,"C:\\Users\\anton\\OneDrive\\My Digital Projects\\xsp-editor\\server\\src\\services\\renderer.ts": {"lines":{"total":16,"covered":16,"skipped":0,"pct":100},"functions":{"total":1,"covered":1,"skipped":0,"pct":100},"statements":{"total":16,"covered":16,"skipped":0,"pct":100},"branches":{"total":4,"covered":4,"skipped":0,"pct":100}}
,"C:\\Users\\anton\\OneDrive\\My Digital Projects\\xsp-editor\\server\\src\\services\\verification-fix.ts": {"lines":{"total":72,"covered":72,"skipped":0,"pct":100},"functions":{"total":6,"covered":6,"skipped":0,"pct":100},"statements":{"total":72,"covered":72,"skipped":0,"pct":100},"branches":{"total":26,"covered":24,"skipped":0,"pct":92.3}}
,"C:\\Users\\anton\\OneDrive\\My Digital Projects\\xsp-editor\\server\\src\\services\\verification.ts": {"lines":{"total":424,"covered":377,"skipped":0,"pct":88.91},"functions":{"total":17,"covered":17,"skipped":0,"pct":100},"statements":{"total":424,"covered":377,"skipped":0,"pct":88.91},"branches":{"total":104,"covered":87,"skipped":0,"pct":83.65}}
,"C:\\Users\\anton\\OneDrive\\My Digital Projects\\xsp-editor\\server\\src\\services\\versioning.ts": {"lines":{"total":48,"covered":48,"skipped":0,"pct":100},"functions":{"total":4,"covered":4,"skipped":0,"pct":100},"statements":{"total":48,"covered":48,"skipped":0,"pct":100},"branches":{"total":13,"covered":13,"skipped":0,"pct":100}}
,"C:\\Users\\anton\\OneDrive\\My Digital Projects\\xsp-editor\\server\\src\\storage\\auth-store.ts": {"lines":{"total":123,"covered":123,"skipped":0,"pct":100},"functions":{"total":24,"covered":24,"skipped":0,"pct":100},"statements":{"total":123,"covered":123,"skipped":0,"pct":100},"branches":{"total":47,"covered":46,"skipped":0,"pct":97.87}}
,"C:\\Users\\anton\\OneDrive\\My Digital Projects\\xsp-editor\\server\\src\\storage\\collect.ts": {"lines":{"total":13,"covered":12,"skipped":0,"pct":92.3},"functions":{"total":1,"covered":1,"skipped":0,"pct":100},"statements":{"total":13,"covered":12,"skipped":0,"pct":92.3},"branches":{"total":3,"covered":2,"skipped":0,"pct":66.66}}
,"C:\\Users\\anton\\OneDrive\\My Digital Projects\\xsp-editor\\server\\src\\storage\\memory.ts": {"lines":{"total":228,"covered":214,"skipped":0,"pct":93.85},"functions":{"total":31,"covered":30,"skipped":0,"pct":96.77},"statements":{"total":228,"covered":214,"skipped":0,"pct":93.85},"branches":{"total":110,"covered":103,"skipped":0,"pct":93.63}}
,"C:\\Users\\anton\\OneDrive\\My Digital Projects\\xsp-editor\\server\\src\\storage\\migrations.ts": {"lines":{"total":55,"covered":55,"skipped":0,"pct":100},"functions":{"total":3,"covered":3,"skipped":0,"pct":100},"statements":{"total":55,"covered":55,"skipped":0,"pct":100},"branches":{"total":13,"covered":12,"skipped":0,"pct":92.3}}
,"C:\\Users\\anton\\OneDrive\\My Digital Projects\\xsp-editor\\server\\src\\storage\\sqlite.ts": {"lines":{"total":505,"covered":484,"skipped":0,"pct":95.84},"functions":{"total":45,"covered":43,"skipped":0,"pct":95.55},"statements":{"total":505,"covered":484,"skipped":0,"pct":95.84},"branches":{"total":159,"covered":125,"skipped":0,"pct":78.61}}
}
